app/build/intermediates/manifest_merge_blame_file/debug/manifest-merger-blame-debug-report.txt
1<?xml version="1.0" encoding="utf-8"?>
2<manifest xmlns:android="http://schemas.android.com/apk/res/android"
3    package="com.example.demoiot"
4    android:versionCode="1"
5    android:versionName="1.0" >
6
7    <uses-sdk
8        android:minSdkVersion="21"
8-->src\main\AndroidManifest.xml
9        android:targetSdkVersion="21" />
9-->src\main\AndroidManifest.xml
10
11    <uses-permission android:name="android.permission.WAKE_LOCK" />
11-->src\main\AndroidManifest.xml:4:5-68
11-->src\main\AndroidManifest.xml:4:22-65
12    <uses-permission android:name="android.permission.INTERNET" />
12-->src\main\AndroidManifest.xml:5:5-67
12-->src\main\AndroidManifest.xml:5:22-64
13    <uses-permission android:name="android.permission.CHANGE_WIFI_STATE" />
13-->src\main\AndroidManifest.xml:8:5-76
13-->src\main\AndroidManifest.xml:8:22-73
14    <uses-permission android:name="android.permission.ACCESS_NETWORK_STATE" />
14-->src\main\AndroidManifest.xml:9:5-79
14-->src\main\AndroidManifest.xml:9:22-76
15    <uses-permission android:name="android.permission.ACCESS_WIFI_STATE" />
15-->src\main\AndroidManifest.xml:10:5-76
15-->src\main\AndroidManifest.xml:10:22-73
16    <uses-permission android:name="android.permission.ACCESS_COARSE_LOCATION" />
16-->src\main\AndroidManifest.xml:11:5-81
16-->src\main\AndroidManifest.xml:11:22-78
17    <uses-permission android:name="android.permission.ACCESS_FINE_LOCATION" />
17-->src\main\AndroidManifest.xml:12:5-79
17-->src\main\AndroidManifest.xml:12:22-76
18
19    <application
19-->src\main\AndroidManifest.xml:14:5-33:19
20        android:allowBackup="true"
20-->src\main\AndroidManifest.xml:15:9-35
21        android:appComponentFactory="androidx.core.app.CoreComponentFactory"
21-->[androidx.core:core:1.3.1] AndroidManifest.xml:24:18-86
22        android:debuggable="true"
23        android:icon="@mipmap/ic_launcher"
23-->src\main\AndroidManifest.xml:16:9-43
24        android:label="@string/app_name"
24-->src\main\AndroidManifest.xml:17:9-41
25        android:roundIcon="@mipmap/ic_launcher_round"
25-->src\main\AndroidManifest.xml:18:9-54
26        android:supportsRtl="true"
26-->src\main\AndroidManifest.xml:19:9-35
27        android:testOnly="true"
28        android:theme="@style/Theme.DemoIoT" >
28-->src\main\AndroidManifest.xml:20:9-45
29        <activity
29-->src\main\AndroidManifest.xml:21:9-29:20
30            android:name="com.example.demoiot.MainActivity"
30-->src\main\AndroidManifest.xml:22:13-41
31            android:exported="true" >
31-->src\main\AndroidManifest.xml:23:13-36
32            <intent-filter>
32-->src\main\AndroidManifest.xml:24:13-28:29
33                <action android:name="android.intent.action.MAIN" />
33-->src\main\AndroidManifest.xml:25:17-69
33-->src\main\AndroidManifest.xml:25:25-66
34
35                <category android:name="android.intent.category.LAUNCHER" />
35-->src\main\AndroidManifest.xml:27:17-77
35-->src\main\AndroidManifest.xml:27:27-74
36            </intent-filter>
37        </activity>
38
39        <service android:name="org.eclipse.paho.android.service.MqttService" />
39-->src\main\AndroidManifest.xml:30:9-79
39-->src\main\AndroidManifest.xml:30:18-77
40    </application>
41
42</manifest>